Using pre-set license
Built from '2020.3/staging' branch; Version is '2020.3.8f1 (507919d4fff5) revision 5273881'; Using compiler version '192528614'; Build Type 'Release'
OS: 'Windows 10 Pro; OS build 19042.985; Version 2009; 64bit' Language: 'en' Physical Memory: 16268 MB
BatchMode: 1, IsHumanControllingUs: 0, StartBugReporterOnCrash: 0, Is64bit: 1, IsPro: 0

 COMMAND LINE ARGUMENTS:
C:\Program Files\Unity\Hub\Editor\2020.3.8f1\Editor\Unity.exe
-adb2
-batchMode
-noUpm
-name
AssetImportWorker0
-projectPath
C:/Users/Evan/Documents/SonicGames
-logFile
Logs/AssetImportWorker0.log
-srvPort
65308
Successfully changed project path to: C:/Users/Evan/Documents/SonicGames
C:/Users/Evan/Documents/SonicGames
Using Asset Import Pipeline V2.
Refreshing native plugins compatible for Editor in 56.47 ms, found 1 plugins.
Preloading 0 native plugins for Editor in 0.00 ms.
Initialize engine version: 2020.3.8f1 (507919d4fff5)
[Subsystems] Discovering subsystems at path C:/Program Files/Unity/Hub/Editor/2020.3.8f1/Editor/Data/Resources/UnitySubsystems
[Subsystems] Discovering subsystems at path C:/Users/Evan/Documents/SonicGames/Assets
GfxDevice: creating device client; threaded=0
Direct3D:
    Version:  Direct3D 11.0 [level 11.1]
    Renderer: Radeon (TM) RX 480 Graphics (ID=0x67df)
    Vendor:   
    VRAM:     4075 MB
    Driver:   27.20.1034.6
Initialize mono
Mono path[0] = 'C:/Program Files/Unity/Hub/Editor/2020.3.8f1/Editor/Data/Managed'
Mono path[1] = 'C:/Program Files/Unity/Hub/Editor/2020.3.8f1/Editor/Data/MonoBleedingEdge/lib/mono/unityjit'
Mono config path = 'C:/Program Files/Unity/Hub/Editor/2020.3.8f1/Editor/Data/MonoBleedingEdge/etc'
Using monoOptions --debugger-agent=transport=dt_socket,embedding=1,server=y,suspend=n,address=127.0.0.1:56896
Begin MonoManager ReloadAssembly
Registering precompiled unity dll's ...
Register platform support module: C:/Program Files/Unity/Hub/Editor/2020.3.8f1/Editor/Data/PlaybackEngines/WebGLSupport/UnityEditor.WebGL.Extensions.dll
Register platform support module: C:/Program Files/Unity/Hub/Editor/2020.3.8f1/Editor/Data/PlaybackEngines/WindowsStandaloneSupport/UnityEditor.WindowsStandalone.Extensions.dll
Registered in 0.004031 seconds.
Native extension for WindowsStandalone target not found
Native extension for WebGL target not found
Refreshing native plugins compatible for Editor in 56.92 ms, found 1 plugins.
Preloading 0 native plugins for Editor in 0.00 ms.
Mono: successfully reloaded assembly
- Completed reload, in  1.833 seconds
Platform modules already initialized, skipping
Registering precompiled user dll's ...
Registered in 0.001912 seconds.
Begin MonoManager ReloadAssembly
Native extension for WindowsStandalone target not found
Native extension for WebGL target not found
Refreshing native plugins compatible for Editor in 56.87 ms, found 1 plugins.
Preloading 0 native plugins for Editor in 0.00 ms.
Mono: successfully reloaded assembly
- Completed reload, in  1.552 seconds
Platform modules already initialized, skipping
========================================================================
Worker process is ready to serve import requests
Launched and connected shader compiler UnityShaderCompiler.exe after 0.08 seconds
Refreshing native plugins compatible for Editor in 0.44 ms, found 1 plugins.
Preloading 0 native plugins for Editor in 0.00 ms.
Unloading 1813 Unused Serialized files (Serialized files now loaded: 0)
System memory in use before: 85.3 MB.
System memory in use after: 85.3 MB.

Unloading 24 unused Assets to reduce memory usage. Loaded Objects now: 2257.
Total: 3.915100 ms (FindLiveObjects: 0.309800 ms CreateObjectMapping: 0.194400 ms MarkObjects: 3.204100 ms  DeleteObjects: 0.204200 ms)

========================================================================
Received Import Request.
  path: Assets/Imported Assets/platformer-pack-redux-360-assets/PNG/Backgrounds
  artifactKey: Guid(b874ce8521b7b9c4d91db5cc82522270) Importer(815301076,1909f56bfc062723c751e8b465ee728b)
Start importing Assets/Imported Assets/platformer-pack-redux-360-assets/PNG/Backgrounds using Guid(b874ce8521b7b9c4d91db5cc82522270) Importer(815301076,1909f56bfc062723c751e8b465ee728b)  -> (artifact id: '3d1f3c4225883d4107160dc08e94aea7') in 0.016064 seconds
  Import took 0.020823 seconds .

========================================================================
Received Import Request.
  Time since last request: 0.000303 seconds.
  path: Assets/Imported Assets/platformer-pack-redux-360-assets
  artifactKey: Guid(e983442b1b15ed843b8271518e42bcd1) Importer(815301076,1909f56bfc062723c751e8b465ee728b)
Start importing Assets/Imported Assets/platformer-pack-redux-360-assets using Guid(e983442b1b15ed843b8271518e42bcd1) Importer(815301076,1909f56bfc062723c751e8b465ee728b)  -> (artifact id: '1dfb874d0439071ba120aa0a5b1bd924') in 0.014260 seconds
  Import took 0.019603 seconds .

========================================================================
Received Import Request.
  Time since last request: 0.000358 seconds.
  path: Assets/Imported Assets/platformer-pack-redux-360-assets/PNG/Backgrounds/blue_desert.png
  artifactKey: Guid(453b65745775fae4b8569c2ef6795066) Importer(815301076,1909f56bfc062723c751e8b465ee728b)
Start importing Assets/Imported Assets/platformer-pack-redux-360-assets/PNG/Backgrounds/blue_desert.png using Guid(453b65745775fae4b8569c2ef6795066) Importer(815301076,1909f56bfc062723c751e8b465ee728b)  -> (artifact id: 'f15784559b56c547c18dd4bf8918969f') in 0.249713 seconds
  Import took 0.256249 seconds .

========================================================================
Received Import Request.
  Time since last request: 0.000451 seconds.
  path: Assets/Imported Assets/platformer-pack-redux-360-assets/Spritesheets
  artifactKey: Guid(11013a117874f6b43a59380c61ba8af6) Importer(815301076,1909f56bfc062723c751e8b465ee728b)
Start importing Assets/Imported Assets/platformer-pack-redux-360-assets/Spritesheets using Guid(11013a117874f6b43a59380c61ba8af6) Importer(815301076,1909f56bfc062723c751e8b465ee728b)  -> (artifact id: 'df875763541b8f69c69df8bd6246c073') in 0.013134 seconds
  Import took 0.017906 seconds .

========================================================================
Received Import Request.
  Time since last request: 0.000336 seconds.
  path: Assets/Imported Assets/platformer-pack-redux-360-assets/Spritesheets/spritesheet_ground.png
  artifactKey: Guid(75dedb04478236e49a236c19bb78865c) Importer(815301076,1909f56bfc062723c751e8b465ee728b)
Start importing Assets/Imported Assets/platformer-pack-redux-360-assets/Spritesheets/spritesheet_ground.png using Guid(75dedb04478236e49a236c19bb78865c) Importer(815301076,1909f56bfc062723c751e8b465ee728b)  -> (artifact id: '887ccea0a10257a27919da9a79e95bd9') in 0.442403 seconds
  Import took 0.448855 seconds .

========================================================================
Received Import Request.
  Time since last request: 0.000308 seconds.
  path: Assets/Imported Assets/platformer-pack-redux-360-assets/PNG
  artifactKey: Guid(bf447402a6dbbff438632c183e8e1d16) Importer(815301076,1909f56bfc062723c751e8b465ee728b)
Start importing Assets/Imported Assets/platformer-pack-redux-360-assets/PNG using Guid(bf447402a6dbbff438632c183e8e1d16) Importer(815301076,1909f56bfc062723c751e8b465ee728b)  -> (artifact id: 'f8267af1bd257fe51d1d12fa3468344c') in 0.012384 seconds
  Import took 0.016622 seconds .

========================================================================
Received Import Request.
  Time since last request: 10.530821 seconds.
  path: Assets/Sprites
  artifactKey: Guid(53f288701b011dc4198d3ca1ada1db1a) Importer(815301076,1909f56bfc062723c751e8b465ee728b)
Start importing Assets/Sprites using Guid(53f288701b011dc4198d3ca1ada1db1a) Importer(815301076,1909f56bfc062723c751e8b465ee728b)  -> (artifact id: 'f6d9a3bec1d7e143f2acf8b85888765d') in 0.003418 seconds
  Import took 0.007827 seconds .

========================================================================
Received Import Request.
  Time since last request: 4.321237 seconds.
  path: Assets/Sprites/coinBlank.png
  artifactKey: Guid(3db3231999265eb43a4a7cecba49625c) Importer(815301076,1909f56bfc062723c751e8b465ee728b)
Start importing Assets/Sprites/coinBlank.png using Guid(3db3231999265eb43a4a7cecba49625c) Importer(815301076,1909f56bfc062723c751e8b465ee728b)  -> (artifact id: 'd017ca07efa156251dbe265616bcd550') in 0.019810 seconds
  Import took 0.037551 seconds .

========================================================================
Received Import Request.
  Time since last request: 0.000367 seconds.
  path: Assets/Sprites/FlagBlank.png
  artifactKey: Guid(e736e3fbe15996346b59821c34fa87a5) Importer(815301076,1909f56bfc062723c751e8b465ee728b)
Start importing Assets/Sprites/FlagBlank.png using Guid(e736e3fbe15996346b59821c34fa87a5) Importer(815301076,1909f56bfc062723c751e8b465ee728b)  -> (artifact id: 'bc762715727c7ebe24ca6a47ee18fc17') in 0.028113 seconds
  Import took 0.034211 seconds .

========================================================================
Received Import Request.
  Time since last request: 0.000348 seconds.
  path: Assets/Sprites/slimeBlock.png
  artifactKey: Guid(cb823fd6b570e0542badff7159f19878) Importer(815301076,1909f56bfc062723c751e8b465ee728b)
Start importing Assets/Sprites/slimeBlock.png using Guid(cb823fd6b570e0542badff7159f19878) Importer(815301076,1909f56bfc062723c751e8b465ee728b)  -> (artifact id: '7eb6b1cd2a6ac797936dcf2d6f7d3f49') in 0.021154 seconds
  Import took 0.036521 seconds .

========================================================================
Received Import Request.
  Time since last request: 0.000306 seconds.
  path: Assets/Sprites/SpikeBlank.png
  artifactKey: Guid(a3812343519196842be43496753ef9d8) Importer(815301076,1909f56bfc062723c751e8b465ee728b)
Start importing Assets/Sprites/SpikeBlank.png using Guid(a3812343519196842be43496753ef9d8) Importer(815301076,1909f56bfc062723c751e8b465ee728b)  -> (artifact id: '5fbaac0f2f33600b45baab3a91729628') in 0.016491 seconds
  Import took 0.020489 seconds .

========================================================================
Received Import Request.
  Time since last request: 0.127364 seconds.
  path: Assets/Tilemap/spritesheet_ground_0.asset
  artifactKey: Guid(5538ee48e48e56c488b054424111cb40) Importer(815301076,1909f56bfc062723c751e8b465ee728b)
Start importing Assets/Tilemap/spritesheet_ground_0.asset using Guid(5538ee48e48e56c488b054424111cb40) Importer(815301076,1909f56bfc062723c751e8b465ee728b)  -> (artifact id: 'd2f53a288afd2c150b3b9254119cbd0c') in 0.089918 seconds
  Import took 0.093782 seconds .

========================================================================
Received Import Request.
  Time since last request: 0.000324 seconds.
  path: Assets/Tilemap/spritesheet_ground_7.asset
  artifactKey: Guid(672448a89a2936e4f8a040d1532dd363) Importer(815301076,1909f56bfc062723c751e8b465ee728b)
Start importing Assets/Tilemap/spritesheet_ground_7.asset using Guid(672448a89a2936e4f8a040d1532dd363) Importer(815301076,1909f56bfc062723c751e8b465ee728b)  -> (artifact id: 'a43cf10e9bddb767be4eef67deee3d11') in 0.022516 seconds
  Import took 0.026793 seconds .

========================================================================
Received Import Request.
  Time since last request: 0.000301 seconds.
  path: Assets/Tilemap/spritesheet_ground_70.asset
  artifactKey: Guid(fcba3aeeddd84f94a87d9d28705b77ba) Importer(815301076,1909f56bfc062723c751e8b465ee728b)
Start importing Assets/Tilemap/spritesheet_ground_70.asset using Guid(fcba3aeeddd84f94a87d9d28705b77ba) Importer(815301076,1909f56bfc062723c751e8b465ee728b)  -> (artifact id: 'b598f7597baf1fc0c7c4d6a64f878594') in 0.033123 seconds
  Import took 0.037319 seconds .

========================================================================
Received Import Request.
  Time since last request: 0.000285 seconds.
  path: Assets/Tilemap/spritesheet_ground_76.asset
  artifactKey: Guid(9b4e34ece729adb44be8b644f616daab) Importer(815301076,1909f56bfc062723c751e8b465ee728b)
Start importing Assets/Tilemap/spritesheet_ground_76.asset using Guid(9b4e34ece729adb44be8b644f616daab) Importer(815301076,1909f56bfc062723c751e8b465ee728b)  -> (artifact id: '374461915fcce95de1ca9b06c54fb8d2') in 0.020406 seconds
  Import took 0.025016 seconds .

========================================================================
Received Import Request.
  Time since last request: 0.000299 seconds.
  path: Assets/Tilemap/spritesheet_ground_21.asset
  artifactKey: Guid(e0718c578f143744e87eb8b6efc3f9b8) Importer(815301076,1909f56bfc062723c751e8b465ee728b)
Start importing Assets/Tilemap/spritesheet_ground_21.asset using Guid(e0718c578f143744e87eb8b6efc3f9b8) Importer(815301076,1909f56bfc062723c751e8b465ee728b)  -> (artifact id: 'e893e94a5b1c9ac3db01cfb9d88534ee') in 0.027293 seconds
  Import took 0.031110 seconds .

========================================================================
Received Import Request.
  Time since last request: 0.000263 seconds.
  path: Assets/Tilemap/spritesheet_ground_28.asset
  artifactKey: Guid(21bba472d1d80ee4ea33393615afc410) Importer(815301076,1909f56bfc062723c751e8b465ee728b)
Start importing Assets/Tilemap/spritesheet_ground_28.asset using Guid(21bba472d1d80ee4ea33393615afc410) Importer(815301076,1909f56bfc062723c751e8b465ee728b)  -> (artifact id: '8f5868cc12224afd17d520b8dfc66ef8') in 0.022900 seconds
  Import took 0.027946 seconds .

========================================================================
Received Import Request.
  Time since last request: 0.000335 seconds.
  path: Assets/Tilemap/spritesheet_ground_63.asset
  artifactKey: Guid(4b214028780ad90429b2707d6f5e38cc) Importer(815301076,1909f56bfc062723c751e8b465ee728b)
Start importing Assets/Tilemap/spritesheet_ground_63.asset using Guid(4b214028780ad90429b2707d6f5e38cc) Importer(815301076,1909f56bfc062723c751e8b465ee728b)  -> (artifact id: 'afa2088e9acfadcd4174bebb9770201f') in 0.022449 seconds
  Import took 0.026904 seconds .

========================================================================
Received Import Request.
  Time since last request: 0.000290 seconds.
  path: Assets/Tilemap/spritesheet_ground_1.asset
  artifactKey: Guid(363a05e293b7cd44ba2eec29572d822e) Importer(815301076,1909f56bfc062723c751e8b465ee728b)
Start importing Assets/Tilemap/spritesheet_ground_1.asset using Guid(363a05e293b7cd44ba2eec29572d822e) Importer(815301076,1909f56bfc062723c751e8b465ee728b)  -> (artifact id: 'aa0bb047869d2c88c0875b17c9d2d531') in 0.026548 seconds
  Import took 0.030870 seconds .

========================================================================
Received Import Request.
  Time since last request: 328.353875 seconds.
  path: Assets/Imported Assets
  artifactKey: Guid(d20a5a984a900c94b8f1fee65a41fb44) Importer(815301076,1909f56bfc062723c751e8b465ee728b)
Start importing Assets/Imported Assets using Guid(d20a5a984a900c94b8f1fee65a41fb44) Importer(815301076,1909f56bfc062723c751e8b465ee728b)  -> (artifact id: 'ebe4eb59926ced6f51da4a63c50f7812') in 0.014910 seconds
  Import took 0.021129 seconds .

========================================================================
Received Import Request.
  Time since last request: 6.504440 seconds.
  path: Assets/Prefabs/PlayerBlock.prefab
  artifactKey: Guid(7c9baa423b17db549af1430f2e53672e) Importer(815301076,1909f56bfc062723c751e8b465ee728b)
Start importing Assets/Prefabs/PlayerBlock.prefab using Guid(7c9baa423b17db549af1430f2e53672e) Importer(815301076,1909f56bfc062723c751e8b465ee728b)  -> (artifact id: '540bdaa385eea1f5fac36015822f9c90') in 0.186876 seconds
  Import took 0.191354 seconds .

========================================================================
Received Import Request.
  Time since last request: 0.000349 seconds.
  path: Assets/Prefabs/Spike.prefab
  artifactKey: Guid(63ec7df1189b1d445aabf9b057f51b91) Importer(815301076,1909f56bfc062723c751e8b465ee728b)
Start importing Assets/Prefabs/Spike.prefab using Guid(63ec7df1189b1d445aabf9b057f51b91) Importer(815301076,1909f56bfc062723c751e8b465ee728b)  -> (artifact id: '524b85c5997e3c1d68ee778d27da92f0') in 0.021285 seconds
  Import took 0.025901 seconds .

========================================================================
Received Import Request.
  Time since last request: 4.521782 seconds.
  path: Assets/Tilemap
  artifactKey: Guid(3d930ce291d863247ac4c455be89f05c) Importer(815301076,1909f56bfc062723c751e8b465ee728b)
Start importing Assets/Tilemap using Guid(3d930ce291d863247ac4c455be89f05c) Importer(815301076,1909f56bfc062723c751e8b465ee728b)  -> (artifact id: '4e5653a911cc79a2142308b0f82abd33') in 0.008979 seconds
  Import took 0.026464 seconds .

AssetImportWorkerClient::OnTransportError - code=2 error=End of file
